<?xml version="1.0" encoding="utf-8"?><testsuites name="pytest tests"><testsuite name="pytest" errors="0" failures="0" skipped="0" tests="35" time="0.252" timestamp="2026-08-18T06:38:02.402867+00:00" hostname="agent-env-3ff891ff-ccd1-4622-8801-10fb8da20204"><testcase classname="backend.tests.test_caregrid_v2_new_features.TestCareLevel" name="test_all_patients_have_care_level" time="0.005" /><testcase classname="backend.tests.test_caregrid_v2_new_features.TestCareLevel" name="test_p003_is_icu_candidate" time="0.003" /><testcase classname="backend.tests.test_caregrid_v2_new_features.TestCareLevel" name="test_care_level_thresholds_consistent" time="0.002" /><testcase classname="backend.tests.test_caregrid_v2_new_features.TestCareLevel" name="test_create_patient_logs_care_level_recommended" time="0.020" /><testcase classname="backend.tests.test_caregrid_v2_new_features.TestRealMLModel" name="test_ml_status_trained_v2" time="0.002" /><testcase classname="backend.tests.test_caregrid_v2_new_features.TestRealMLModel" name="test_ml_validation_real_dataset" time="0.003" /><testcase classname="backend.tests.test_caregrid_v2_new_features.TestRealMLModel" name="test_ml_validation_metrics_real" time="0.003" /><testcase classname="backend.tests.test_caregrid_v2_new_features.TestRealDataset" name="test_icu_outcome_real_loaded" time="0.003" /><testcase classname="backend.tests.test_caregrid_v2_new_features.TestRealDataset" name="test_reimport_idempotent" time="0.004" /><testcase classname="backend.tests.test_caregrid_v2_new_features.TestCapacityAnalytics" name="test_capacity_structure" time="0.008" /><testcase classname="backend.tests.test_caregrid_v2_new_features.TestMLSafety" name="test_ml_estimate_returns_range_and_no_side_effects" time="0.013" /><testcase classname="backend.tests.test_caregrid_v2_new_features.TestPrioritizationWeights" name="test_score_breakdown_maxima" time="0.002" /><testcase classname="backend.tests.test_caregrid_v2_new_features.TestPrioritizationWeights" name="test_weights_sum_100" time="0.000" /><testcase classname="backend.tests.test_caregrid_v2_new_features.TestBedMatching" name="test_p002_high_icu07" time="0.002" /><testcase classname="backend.tests.test_caregrid_v2_new_features.TestBedMatching" name="test_unknown_patient_404" time="0.002" /><testcase classname="backend.tests.test_caregrid_v2_new_features.TestBedMatching" name="test_empty_required_resources_null_match" time="0.020" /><testcase classname="backend.tests.test_caregrid_v2" name="test_health" time="0.001" /><testcase classname="backend.tests.test_caregrid_v2" name="test_bed_match_p002_high" time="0.002" /><testcase classname="backend.tests.test_caregrid_v2" name="test_bed_match_p003_medium" time="0.002" /><testcase classname="backend.tests.test_caregrid_v2" name="test_bed_match_includes_stepdown_and_excludes_unavailable" time="0.001" /><testcase classname="backend.tests.test_caregrid_v2" name="test_bed_match_404" time="0.001" /><testcase classname="backend.tests.test_caregrid_v2" name="test_bed_match_readonly" time="0.007" /><testcase classname="backend.tests.test_caregrid_v2" name="test_datasets_import[ops_patients]" time="0.002" /><testcase classname="backend.tests.test_caregrid_v2" name="test_datasets_import[services_weekly]" time="0.002" /><testcase classname="backend.tests.test_caregrid_v2" name="test_datasets_import[staff]" time="0.001" /><testcase classname="backend.tests.test_caregrid_v2" name="test_datasets_import[staff_schedule]" time="0.002" /><testcase classname="backend.tests.test_caregrid_v2" name="test_dataset_status_all_loaded" time="0.003" /><testcase classname="backend.tests.test_caregrid_v2" name="test_ingestion_idempotency" time="0.001" /><testcase classname="backend.tests.test_caregrid_v2" name="test_live_patients_not_contaminated" time="0.002" /><testcase classname="backend.tests.test_caregrid_v2" name="test_patients_ranked_fields" time="0.002" /><testcase classname="backend.tests.test_caregrid_v2" name="test_patient_create_update_and_defer" time="0.032" /><testcase classname="backend.tests.test_caregrid_v2" name="test_audit_log_events" time="0.005" /><testcase classname="backend.tests.test_caregrid_v2" name="test_ml_status" time="0.001" /><testcase classname="backend.tests.test_caregrid_v2" name="test_ml_validation" time="0.002" /><testcase classname="backend.tests.test_caregrid_v2" name="test_ml_estimate" time="0.006" /></testsuite></testsuites>