<?xml version="1.0" encoding="utf-8"?><testsuites name="pytest tests"><testsuite name="pytest" errors="0" failures="2" skipped="0" tests="16" time="0.183" timestamp="2026-08-18T06:37:28.497972+00:00" hostname="agent-env-3ff891ff-ccd1-4622-8801-10fb8da20204"><testcase classname="backend.tests.test_caregrid_v2_new_features.TestCareLevel" name="test_all_patients_have_care_level" time="0.004" /><testcase classname="backend.tests.test_caregrid_v2_new_features.TestCareLevel" name="test_p003_is_icu_candidate" time="0.002" /><testcase classname="backend.tests.test_caregrid_v2_new_features.TestCareLevel" name="test_care_level_thresholds_consistent" time="0.002" /><testcase classname="backend.tests.test_caregrid_v2_new_features.TestCareLevel" name="test_create_patient_logs_care_level_recommended" time="0.019"><failure message="AssertionError: assert 'care_level' in {'message': 'patient created', 'patient_id': 'TEST_43E860CA', 'priority_score': 90}">backend/tests/test_caregrid_v2_new_features.py:64: in test_create_patient_logs_care_level_recommended
    assert "care_level" in data
E   AssertionError: assert 'care_level' in {'message': 'patient created', 'patient_id': 'TEST_43E860CA', 'priority_score': 90}</failure></testcase><testcase classname="backend.tests.test_caregrid_v2_new_features.TestRealMLModel" name="test_ml_status_trained_v2" time="0.002" /><testcase classname="backend.tests.test_caregrid_v2_new_features.TestRealMLModel" name="test_ml_validation_real_dataset" time="0.003" /><testcase classname="backend.tests.test_caregrid_v2_new_features.TestRealMLModel" name="test_ml_validation_metrics_real" time="0.003" /><testcase classname="backend.tests.test_caregrid_v2_new_features.TestRealDataset" name="test_icu_outcome_real_loaded" time="0.004" /><testcase classname="backend.tests.test_caregrid_v2_new_features.TestRealDataset" name="test_reimport_idempotent" time="0.003" /><testcase classname="backend.tests.test_caregrid_v2_new_features.TestCapacityAnalytics" name="test_capacity_structure" time="0.008" /><testcase classname="backend.tests.test_caregrid_v2_new_features.TestMLSafety" name="test_ml_estimate_returns_range_and_no_side_effects" time="0.011" /><testcase classname="backend.tests.test_caregrid_v2_new_features.TestPrioritizationWeights" name="test_score_breakdown_maxima" time="0.002" /><testcase classname="backend.tests.test_caregrid_v2_new_features.TestPrioritizationWeights" name="test_weights_sum_100" time="0.000" /><testcase classname="backend.tests.test_caregrid_v2_new_features.TestBedMatching" name="test_p002_high_icu07" time="0.002"><failure message="AssertionError: got quality=None data={'patient_id': 'P002', 'patient_name': 'M. Devaraj', 'required_resources': ['oxygen', 'ventilator'], 'data_complete': True, 'icu_matches': [{'bed_id': 'ICU-07', 'care_level': 'ICU', 'status': 'available', 'equipment': ['cardiac monitor', 'oxygen', 'ventilator'], 'isolation': 'Available', 'compatibility': 'High', 'matched': ['oxygen', 'ventilator'], 'missing': [], 'coverage': 1.0, 'match_level': 'HIGH', 'reason': 'All required resources available; high bed compatibility.'}], 'step_down_matches': [{'bed_id': 'SD-01', 'care_level': 'Step-Down', 'status': 'available', 'equipment': ['cardiac monitor', 'oxygen'], 'isolation': 'Not required', 'compatibility': 'High', 'matched': ['oxygen'], 'missing': ['ventilator'], 'coverage': 0.5, 'match_level': 'MEDIUM', 'reason': 'Partial match — missing: ventilator.'}, {'bed_id': 'SD-03', 'care_level': 'Step-Down', 'status': 'available', 'equipment': ['oxygen', 'telemetry'], 'isolation': 'Not required', 'compatibility': 'High', 'matched': ['oxygen'], 'missing': ['ventilator'], 'coverage': 0.5, 'match_level': 'MEDIUM', 'reason': 'Partial match — missing: ventilator.'}], 'best_match': {'bed_id': 'ICU-07', 'care_level': 'ICU', 'status': 'available', 'equipment': ['cardiac monitor', 'oxygen', 'ventilator'], 'isolation': 'Available', 'compatibility': 'High', 'matched': ['oxygen', 'ventilator'], 'missing': [], 'coverage': 1.0, 'match_level': 'HIGH', 'reason': 'All required resources available; high bed compatibility.'}}&#10;assert None == 'HIGH'">backend/tests/test_caregrid_v2_new_features.py:209: in test_p002_high_icu07
    assert quality == "HIGH", f"got quality={quality} data={data}"
E   AssertionError: got quality=None data={'patient_id': 'P002', 'patient_name': 'M. Devaraj', 'required_resources': ['oxygen', 'ventilator'], 'data_complete': True, 'icu_matches': [{'bed_id': 'ICU-07', 'care_level': 'ICU', 'status': 'available', 'equipment': ['cardiac monitor', 'oxygen', 'ventilator'], 'isolation': 'Available', 'compatibility': 'High', 'matched': ['oxygen', 'ventilator'], 'missing': [], 'coverage': 1.0, 'match_level': 'HIGH', 'reason': 'All required resources available; high bed compatibility.'}], 'step_down_matches': [{'bed_id': 'SD-01', 'care_level': 'Step-Down', 'status': 'available', 'equipment': ['cardiac monitor', 'oxygen'], 'isolation': 'Not required', 'compatibility': 'High', 'matched': ['oxygen'], 'missing': ['ventilator'], 'coverage': 0.5, 'match_level': 'MEDIUM', 'reason': 'Partial match — missing: ventilator.'}, {'bed_id': 'SD-03', 'care_level': 'Step-Down', 'status': 'available', 'equipment': ['oxygen', 'telemetry'], 'isolation': 'Not required', 'compatibility': 'High', 'matched': ['oxygen'], 'missing': ['ventilator'], 'coverage': 0.5, 'match_level': 'MEDIUM', 'reason': 'Partial match — missing: ventilator.'}], 'best_match': {'bed_id': 'ICU-07', 'care_level': 'ICU', 'status': 'available', 'equipment': ['cardiac monitor', 'oxygen', 'ventilator'], 'isolation': 'Available', 'compatibility': 'High', 'matched': ['oxygen', 'ventilator'], 'missing': [], 'coverage': 1.0, 'match_level': 'HIGH', 'reason': 'All required resources available; high bed compatibility.'}}
E   assert None == 'HIGH'</failure></testcase><testcase classname="backend.tests.test_caregrid_v2_new_features.TestBedMatching" name="test_unknown_patient_404" time="0.002" /><testcase classname="backend.tests.test_caregrid_v2_new_features.TestBedMatching" name="test_empty_required_resources_null_match" time="0.020" /></testsuite></testsuites>