<?xml version="1.0" encoding="utf-8"?><testsuites name="pytest tests"><testsuite name="pytest" errors="0" failures="0" skipped="0" tests="57" time="3.564" timestamp="2026-08-18T07:30:21.614374+00:00" hostname="agent-env-3ff891ff-ccd1-4622-8801-10fb8da20204"><testcase classname="backend.tests.test_auth_endpoints.TestLogin" name="test_doctor1_login_and_me" time="0.236" /><testcase classname="backend.tests.test_auth_endpoints.TestLogin" name="test_doctor2_login_distinct_identity" time="0.234" /><testcase classname="backend.tests.test_auth_endpoints.TestLogin" name="test_wrong_password_generic_401" time="0.240" /><testcase classname="backend.tests.test_auth_endpoints.TestLogin" name="test_unknown_email_generic_401" time="0.019" /><testcase classname="backend.tests.test_auth_endpoints.TestLogin" name="test_missing_fields_400" time="0.002" /><testcase classname="backend.tests.test_auth_endpoints.TestLogin" name="test_logout_ok" time="0.002" /><testcase classname="backend.tests.test_auth_endpoints.TestBruteForce" name="test_lockout_after_5_failures" time="0.055" /><testcase classname="backend.tests.test_auth_endpoints.TestInactiveUser" name="test_inactive_user_cannot_login" time="0.495" /><testcase classname="backend.tests.test_auth_endpoints.TestRBAC" name="test_post_patients_no_token_401" time="0.002" /><testcase classname="backend.tests.test_auth_endpoints.TestRBAC" name="test_post_patients_nurse_403" time="0.234" /><testcase classname="backend.tests.test_auth_endpoints.TestRBAC" name="test_post_patients_coordinator_403" time="0.236" /><testcase classname="backend.tests.test_auth_endpoints.TestRBAC" name="test_post_patients_admin_403" time="0.002" /><testcase classname="backend.tests.test_auth_endpoints.TestRBAC" name="test_allocation_no_token_401" time="0.001" /><testcase classname="backend.tests.test_auth_endpoints.TestRBAC" name="test_allocation_nurse_403" time="0.002" /><testcase classname="backend.tests.test_auth_endpoints.TestRBAC" name="test_reads_still_open" time="0.020" /><testcase classname="backend.tests.test_auth_endpoints.TestDoctorFlowAndAudit" name="test_doctor_create_patient_decide_and_audit" time="0.041" /><testcase classname="backend.tests.test_auth_endpoints.TestAdminUserMgmt" name="test_users_list_requires_admin_doctor_403" time="0.002" /><testcase classname="backend.tests.test_auth_endpoints.TestAdminUserMgmt" name="test_users_list_no_password_hash" time="0.002" /><testcase classname="backend.tests.test_auth_endpoints.TestAdminUserMgmt" name="test_create_validation_and_crud" time="0.985" /><testcase classname="backend.tests.test_auth_endpoints.TestPasswordStorage" name="test_hashes_are_bcrypt" time="0.000" /><testcase classname="backend.tests.test_auth_endpoints.TestPasswordStorage" name="test_me_never_returns_hash" time="0.002" /><testcase classname="backend.tests.test_auth_endpoints.TestPrioritizationWeights" name="test_weights_sum_and_extremes" time="0.002" /><testcase classname="backend.tests.test_caregrid_v2" name="test_health" time="0.233" /><testcase classname="backend.tests.test_caregrid_v2" name="test_bed_match_p002_high" time="0.002" /><testcase classname="backend.tests.test_caregrid_v2" name="test_bed_match_p003_medium" time="0.002" /><testcase classname="backend.tests.test_caregrid_v2" name="test_bed_match_includes_stepdown_and_excludes_unavailable" time="0.001" /><testcase classname="backend.tests.test_caregrid_v2" name="test_bed_match_404" time="0.001" /><testcase classname="backend.tests.test_caregrid_v2" name="test_bed_match_readonly" time="0.006" /><testcase classname="backend.tests.test_caregrid_v2" name="test_datasets_import[ops_patients]" time="0.002" /><testcase classname="backend.tests.test_caregrid_v2" name="test_datasets_import[services_weekly]" time="0.002" /><testcase classname="backend.tests.test_caregrid_v2" name="test_datasets_import[staff]" time="0.002" /><testcase classname="backend.tests.test_caregrid_v2" name="test_datasets_import[staff_schedule]" time="0.002" /><testcase classname="backend.tests.test_caregrid_v2" name="test_dataset_status_all_loaded" time="0.003" /><testcase classname="backend.tests.test_caregrid_v2" name="test_ingestion_idempotency" time="0.002" /><testcase classname="backend.tests.test_caregrid_v2" name="test_live_patients_not_contaminated" time="0.002" /><testcase classname="backend.tests.test_caregrid_v2" name="test_patients_ranked_fields" time="0.002" /><testcase classname="backend.tests.test_caregrid_v2" name="test_patient_create_update_and_defer" time="0.051" /><testcase classname="backend.tests.test_caregrid_v2" name="test_audit_log_events" time="0.009" /><testcase classname="backend.tests.test_caregrid_v2" name="test_ml_status" time="0.002" /><testcase classname="backend.tests.test_caregrid_v2" name="test_ml_validation" time="0.003" /><testcase classname="backend.tests.test_caregrid_v2" name="test_ml_estimate" time="0.006" /><testcase classname="backend.tests.test_caregrid_v2_new_features.TestCareLevel" name="test_all_patients_have_care_level" time="0.002" /><testcase classname="backend.tests.test_caregrid_v2_new_features.TestCareLevel" name="test_p003_is_icu_candidate" time="0.002" /><testcase classname="backend.tests.test_caregrid_v2_new_features.TestCareLevel" name="test_care_level_thresholds_consistent" time="0.002" /><testcase classname="backend.tests.test_caregrid_v2_new_features.TestCareLevel" name="test_create_patient_logs_care_level_recommended" time="0.021" /><testcase classname="backend.tests.test_caregrid_v2_new_features.TestRealMLModel" name="test_ml_status_trained_v2" time="0.001" /><testcase classname="backend.tests.test_caregrid_v2_new_features.TestRealMLModel" name="test_ml_validation_real_dataset" time="0.003" /><testcase classname="backend.tests.test_caregrid_v2_new_features.TestRealMLModel" name="test_ml_validation_metrics_real" time="0.003" /><testcase classname="backend.tests.test_caregrid_v2_new_features.TestRealDataset" name="test_icu_outcome_real_loaded" time="0.003" /><testcase classname="backend.tests.test_caregrid_v2_new_features.TestRealDataset" name="test_reimport_idempotent" time="0.004" /><testcase classname="backend.tests.test_caregrid_v2_new_features.TestCapacityAnalytics" name="test_capacity_structure" time="0.008" /><testcase classname="backend.tests.test_caregrid_v2_new_features.TestMLSafety" name="test_ml_estimate_returns_range_and_no_side_effects" time="0.012" /><testcase classname="backend.tests.test_caregrid_v2_new_features.TestPrioritizationWeights" name="test_score_breakdown_maxima" time="0.002" /><testcase classname="backend.tests.test_caregrid_v2_new_features.TestPrioritizationWeights" name="test_weights_sum_100" time="0.000" /><testcase classname="backend.tests.test_caregrid_v2_new_features.TestBedMatching" name="test_p002_high_icu07" time="0.002" /><testcase classname="backend.tests.test_caregrid_v2_new_features.TestBedMatching" name="test_unknown_patient_404" time="0.001" /><testcase classname="backend.tests.test_caregrid_v2_new_features.TestBedMatching" name="test_empty_required_resources_null_match" time="0.019" /></testsuite></testsuites>