<?xml version="1.0" encoding="utf-8"?><testsuites name="pytest tests"><testsuite name="pytest" errors="0" failures="0" skipped="0" tests="19" time="0.153" timestamp="2026-08-18T06:20:00.402761+00:00" hostname="agent-env-3ff891ff-ccd1-4622-8801-10fb8da20204"><testcase classname="backend.tests.test_caregrid_v2" name="test_health" time="0.003" /><testcase classname="backend.tests.test_caregrid_v2" name="test_bed_match_p002_high" time="0.002" /><testcase classname="backend.tests.test_caregrid_v2" name="test_bed_match_p003_medium" time="0.002" /><testcase classname="backend.tests.test_caregrid_v2" name="test_bed_match_includes_stepdown_and_excludes_unavailable" time="0.002" /><testcase classname="backend.tests.test_caregrid_v2" name="test_bed_match_404" time="0.002" /><testcase classname="backend.tests.test_caregrid_v2" name="test_bed_match_readonly" time="0.007" /><testcase classname="backend.tests.test_caregrid_v2" name="test_datasets_import[ops_patients]" time="0.002" /><testcase classname="backend.tests.test_caregrid_v2" name="test_datasets_import[services_weekly]" time="0.002" /><testcase classname="backend.tests.test_caregrid_v2" name="test_datasets_import[staff]" time="0.001" /><testcase classname="backend.tests.test_caregrid_v2" name="test_datasets_import[staff_schedule]" time="0.002" /><testcase classname="backend.tests.test_caregrid_v2" name="test_dataset_status_all_loaded" time="0.002" /><testcase classname="backend.tests.test_caregrid_v2" name="test_ingestion_idempotency" time="0.002" /><testcase classname="backend.tests.test_caregrid_v2" name="test_live_patients_not_contaminated" time="0.002" /><testcase classname="backend.tests.test_caregrid_v2" name="test_patients_ranked_fields" time="0.002" /><testcase classname="backend.tests.test_caregrid_v2" name="test_patient_create_update_and_defer" time="0.031" /><testcase classname="backend.tests.test_caregrid_v2" name="test_audit_log_events" time="0.003" /><testcase classname="backend.tests.test_caregrid_v2" name="test_ml_status" time="0.002" /><testcase classname="backend.tests.test_caregrid_v2" name="test_ml_validation" time="0.002" /><testcase classname="backend.tests.test_caregrid_v2" name="test_ml_estimate" time="0.005" /></testsuite></testsuites>